# JRE version: OpenJDK Runtime Environment (8.0_112-b06) (build 1.8.0_112-release-b06)
# Java VM: OpenJDK 64-Bit Server VM (25.112-b06 mixed mode windows-amd64 compressed oops)
Heap:
 PSYoungGen      total 302080K, used 301385K [0x00000000e0000000, 0x00000000f7280000, 0x0000000100000000)
  eden space 289280K, 99% used [0x00000000e0000000,0x00000000f1a446a8,0x00000000f1a80000)
  from space 12800K, 96% used [0x00000000f6600000,0x00000000f720e010,0x00000000f7280000)
  to   space 27136K, 60% used [0x00000000f3d80000,0x00000000f4d8bfa8,0x00000000f5800000)
 ParOldGen       total 97792K, used 67599K [0x00000000a0000000, 0x00000000a5f80000, 0x00000000e0000000)
  object space 97792K, 69% used [0x00000000a0000000,0x00000000a4203f80,0x00000000a5f80000)
 Metaspace       used 79072K, capacity 85666K, committed 85760K, reserved 1124352K
  class space    used 10066K, capacity 10942K, committed 11008K, reserved 1048576K
GC Heap History (10 events):
Event: 5780.582 GC heap after
Heap after GC invocations=40 (full 4):
 PSYoungGen      total 351232K, used 12442K [0x00000000e0000000, 0x00000000f7780000, 0x0000000100000000)
  eden space 331264K, 0% used [0x00000000e0000000,0x00000000e0000000,0x00000000f4380000)
  from space 19968K, 62% used [0x00000000f6400000,0x00000000f7026920,0x00000000f7780000)
  to   space 26624K, 0% used [0x00000000f4380000,0x00000000f4380000,0x00000000f5d80000)
 ParOldGen       total 97792K, used 67559K [0x00000000a0000000, 0x00000000a5f80000, 0x00000000e0000000)
  object space 97792K, 69% used [0x00000000a0000000,0x00000000a41f9f80,0x00000000a5f80000)
 Metaspace       used 78053K, capacity 83936K, committed 84096K, reserved 1122304K
  class space    used 9979K, capacity 10839K, committed 10880K, reserved 1048576K
}
Event: 5939.331 GC heap before
{Heap before GC invocations=41 (full 4):
 PSYoungGen      total 351232K, used 343706K [0x00000000e0000000, 0x00000000f7780000, 0x0000000100000000)
  eden space 331264K, 100% used [0x00000000e0000000,0x00000000f4380000,0x00000000f4380000)
  from space 19968K, 62% used [0x00000000f6400000,0x00000000f7026920,0x00000000f7780000)
  to   space 26624K, 0% used [0x00000000f4380000,0x00000000f4380000,0x00000000f5d80000)
 ParOldGen       total 97792K, used 67559K [0x00000000a0000000, 0x00000000a5f80000, 0x00000000e0000000)
  object space 97792K, 69% used [0x00000000a0000000,0x00000000a41f9f80,0x00000000a5f80000)
 Metaspace       used 78326K, capacity 84300K, committed 84352K, reserved 1122304K
  class space    used 9995K, capacity 10861K, committed 10880K, reserved 1048576K
Event: 5940.662 GC heap after
Heap after GC invocations=41 (full 4):
 PSYoungGen      total 357888K, used 25118K [0x00000000e0000000, 0x00000000f9e80000, 0x0000000100000000)
  eden space 331264K, 0% used [0x00000000e0000000,0x00000000e0000000,0x00000000f4380000)
  from space 26624K, 94% used [0x00000000f4380000,0x00000000f5c07b38,0x00000000f5d80000)
  to   space 30208K, 0% used [0x00000000f8100000,0x00000000f8100000,0x00000000f9e80000)
 ParOldGen       total 97792K, used 67567K [0x00000000a0000000, 0x00000000a5f80000, 0x00000000e0000000)
  object space 97792K, 69% used [0x00000000a0000000,0x00000000a41fbf80,0x00000000a5f80000)
 Metaspace       used 78326K, capacity 84300K, committed 84352K, reserved 1122304K
  class space    used 9995K, capacity 10861K, committed 10880K, reserved 1048576K
}
Event: 6108.532 GC heap before
{Heap before GC invocations=42 (full 4):
 PSYoungGen      total 357888K, used 356366K [0x00000000e0000000, 0x00000000f9e80000, 0x0000000100000000)
  eden space 331264K, 99% used [0x00000000e0000000,0x00000000f437be68,0x00000000f4380000)
  from space 26624K, 94% used [0x00000000f4380000,0x00000000f5c07b38,0x00000000f5d80000)
  to   space 30208K, 0% used [0x00000000f8100000,0x00000000f8100000,0x00000000f9e80000)
 ParOldGen       total 97792K, used 67567K [0x00000000a0000000, 0x00000000a5f80000, 0x00000000e0000000)
  object space 97792K, 69% used [0x00000000a0000000,0x00000000a41fbf80,0x00000000a5f80000)
 Metaspace       used 78477K, capacity 84600K, committed 84736K, reserved 1122304K
  class space    used 10011K, capacity 10883K, committed 11008K, reserved 1048576K
Event: 6108.618 GC heap after
Heap after GC invocations=42 (full 4):
 PSYoungGen      total 333824K, used 17263K [0x00000000e0000000, 0x00000000f9200000, 0x0000000100000000)
  eden space 316416K, 0% used [0x00000000e0000000,0x00000000e0000000,0x00000000f3500000)
  from space 17408K, 99% used [0x00000000f8100000,0x00000000f91dbef8,0x00000000f9200000)
  to   space 29696K, 0% used [0x00000000f5800000,0x00000000f5800000,0x00000000f7500000)
 ParOldGen       total 97792K, used 67575K [0x00000000a0000000, 0x00000000a5f80000, 0x00000000e0000000)
  object space 97792K, 69% used [0x00000000a0000000,0x00000000a41fdf80,0x00000000a5f80000)
 Metaspace       used 78477K, capacity 84600K, committed 84736K, reserved 1122304K
  class space    used 10011K, capacity 10883K, committed 11008K, reserved 1048576K
}
Event: 6253.314 GC heap before
{Heap before GC invocations=43 (full 4):
 PSYoungGen      total 333824K, used 333672K [0x00000000e0000000, 0x00000000f9200000, 0x0000000100000000)
  eden space 316416K, 99% used [0x00000000e0000000,0x00000000f34fe3d0,0x00000000f3500000)
  from space 17408K, 99% used [0x00000000f8100000,0x00000000f91dbef8,0x00000000f9200000)
  to   space 29696K, 0% used [0x00000000f5800000,0x00000000f5800000,0x00000000f7500000)
 ParOldGen       total 97792K, used 67575K [0x00000000a0000000, 0x00000000a5f80000, 0x00000000e0000000)
  object space 97792K, 69% used [0x00000000a0000000,0x00000000a41fdf80,0x00000000a5f80000)
 Metaspace       used 78685K, capacity 84928K, committed 85248K, reserved 1124352K
  class space    used 10029K, capacity 10901K, committed 11008K, reserved 1048576K
Event: 6253.348 GC heap after
Heap after GC invocations=43 (full 4):
 PSYoungGen      total 316416K, used 13696K [0x00000000e0000000, 0x00000000f8180000, 0x0000000100000000)
  eden space 302592K, 0% used [0x00000000e0000000,0x00000000e0000000,0x00000000f2780000)
  from space 13824K, 99% used [0x00000000f5800000,0x00000000f6560248,0x00000000f6580000)
  to   space 28160K, 0% used [0x00000000f6600000,0x00000000f6600000,0x00000000f8180000)
 ParOldGen       total 97792K, used 67583K [0x00000000a0000000, 0x00000000a5f80000, 0x00000000e0000000)
  object space 97792K, 69% used [0x00000000a0000000,0x00000000a41fff80,0x00000000a5f80000)
 Metaspace       used 78685K, capacity 84928K, committed 85248K, reserved 1124352K
  class space    used 10029K, capacity 10901K, committed 11008K, reserved 1048576K
}
Event: 6868.955 GC heap before
{Heap before GC invocations=44 (full 4):
 PSYoungGen      total 316416K, used 316288K [0x00000000e0000000, 0x00000000f8180000, 0x0000000100000000)
  eden space 302592K, 100% used [0x00000000e0000000,0x00000000f2780000,0x00000000f2780000)
  from space 13824K, 99% used [0x00000000f5800000,0x00000000f6560248,0x00000000f6580000)
  to   space 28160K, 0% used [0x00000000f6600000,0x00000000f6600000,0x00000000f8180000)
 ParOldGen       total 97792K, used 67583K [0x00000000a0000000, 0x00000000a5f80000, 0x00000000e0000000)
  object space 97792K, 69% used [0x00000000a0000000,0x00000000a41fff80,0x00000000a5f80000)
 Metaspace       used 78929K, capacity 85356K, committed 85504K, reserved 1124352K
  class space    used 10056K, capacity 10931K, committed 11008K, reserved 1048576K
Event: 6869.074 GC heap after
Heap after GC invocations=44 (full 4):
 PSYoungGen      total 302080K, used 12344K [0x00000000e0000000, 0x00000000f7280000, 0x0000000100000000)
  eden space 289280K, 0% used [0x00000000e0000000,0x00000000e0000000,0x00000000f1a80000)
  from space 12800K, 96% used [0x00000000f6600000,0x00000000f720e010,0x00000000f7280000)
  to   space 27136K, 0% used [0x00000000f3d80000,0x00000000f3d80000,0x00000000f5800000)
 ParOldGen       total 97792K, used 67591K [0x00000000a0000000, 0x00000000a5f80000, 0x00000000e0000000)
  object space 97792K, 69% used [0x00000000a0000000,0x00000000a4201f80,0x00000000a5f80000)
 Metaspace       used 78929K, capacity 85356K, committed 85504K, reserved 1124352K
  class space    used 10056K, capacity 10931K, committed 11008K, reserved 1048576K
}
Event: 9285.813 GC heap before
{Heap before GC invocations=45 (full 4):
 PSYoungGen      total 302080K, used 301385K [0x00000000e0000000, 0x00000000f7280000, 0x0000000100000000)
  eden space 289280K, 99% used [0x00000000e0000000,0x00000000f1a446a8,0x00000000f1a80000)
  from space 12800K, 96% used [0x00000000f6600000,0x00000000f720e010,0x00000000f7280000)
  to   space 27136K, 0% used [0x00000000f3d80000,0x00000000f3d80000,0x00000000f5800000)
 ParOldGen       total 97792K, used 67591K [0x00000000a0000000, 0x00000000a5f80000, 0x00000000e0000000)
  object space 97792K, 69% used [0x00000000a0000000,0x00000000a4201f80,0x00000000a5f80000)
 Metaspace       used 79072K, capacity 85666K, committed 85760K, reserved 1124352K
  class space    used 10066K, capacity 10942K, committed 11008K, reserved 1048576K

